<?xml version="1.0" encoding="UTF-8"?>
<testsuite name="com.ubs.fatca.JUnitTestSuite" time="47.46" tests="1" errors="0" skipped="0" failures="1">
  <properties>
    <property name="idea.version" value="14.0.2"/>
    <property name="java.runtime.name" value="Java(TM) SE Runtime Environment"/>
    <property name="sun.boot.library.path" value="/Library/Java/JavaVirtualMachines/jdk1.7.0_80.jdk/Contents/Home/jre/lib"/>
    <property name="java.vm.version" value="24.80-b07"/>
    <property name="user.country.format" value="DK"/>
    <property name="gopherProxySet" value="false"/>
    <property name="java.vm.vendor" value="Oracle Corporation"/>
    <property name="java.vendor.url" value="http://java.oracle.com/"/>
    <property name="path.separator" value=":"/>
    <property name="guice.disable.misplaced.annotation.check" value="true"/>
    <property name="java.vm.name" value="Java HotSpot(TM) 64-Bit Server VM"/>
    <property name="file.encoding.pkg" value="sun.io"/>
    <property name="idea.launcher.port" value="7541"/>
    <property name="user.country" value="US"/>
    <property name="sun.java.launcher" value="SUN_STANDARD"/>
    <property name="sun.os.patch.level" value="unknown"/>
    <property name="java.vm.specification.name" value="Java Virtual Machine Specification"/>
    <property name="user.dir" value="/Users/saeidreza/Documents/MyData/Documents/workspace/sinan-workspace/fatca-automation"/>
    <property name="java.runtime.version" value="1.7.0_80-ea-b05"/>
    <property name="java.awt.graphicsenv" value="sun.awt.CGraphicsEnvironment"/>
    <property name="java.endorsed.dirs" value="/Library/Java/JavaVirtualMachines/jdk1.7.0_80.jdk/Contents/Home/jre/lib/endorsed"/>
    <property name="os.arch" value="x86_64"/>
    <property name="java.io.tmpdir" value="/var/folders/h1/vfrgyvc529v_s4wrzxfl40780000gn/T/"/>
    <property name="line.separator" value="&#10;"/>
    <property name="java.vm.specification.vendor" value="Oracle Corporation"/>
    <property name="os.name" value="Mac OS X"/>
    <property name="classworlds.conf" value="/app/apache-maven-3.2.5/bin/m2.conf"/>
    <property name="sun.jnu.encoding" value="UTF-8"/>
    <property name="java.library.path" value="/Users/saeidreza/Library/Java/Extensions:/Library/Java/Extensions:/Network/Library/Java/Extensions:/System/Library/Java/Extensions:/usr/lib/java:."/>
    <property name="java.specification.name" value="Java Platform API Specification"/>
    <property name="java.class.version" value="51.0"/>
    <property name="sun.management.compiler" value="HotSpot 64-Bit Tiered Compilers"/>
    <property name="os.version" value="10.10.1"/>
    <property name="http.nonProxyHosts" value="local|*.local|169.254/16|*.169.254/16"/>
    <property name="user.home" value="/Users/saeidreza"/>
    <property name="user.timezone" value="Europe/Copenhagen"/>
    <property name="java.awt.printerjob" value="sun.lwawt.macosx.CPrinterJob"/>
    <property name="java.specification.version" value="1.7"/>
    <property name="idea.launcher.bin.path" value="/Applications/IntelliJ IDEA 14.app/Contents/bin"/>
    <property name="file.encoding" value="UTF-8"/>
    <property name="user.name" value="saeidreza"/>
    <property name="java.class.path" value="/app/apache-maven-3.2.5/boot/plexus-classworlds-2.5.2.jar:/Applications/IntelliJ IDEA 14.app/Contents/lib/idea_rt.jar"/>
    <property name="java.vm.specification.version" value="1.7"/>
    <property name="sun.arch.data.model" value="64"/>
    <property name="java.home" value="/Library/Java/JavaVirtualMachines/jdk1.7.0_80.jdk/Contents/Home/jre"/>
    <property name="sun.java.command" value="com.intellij.rt.execution.application.AppMain org.codehaus.classworlds.Launcher -Didea.version=14.0.2 install"/>
    <property name="java.specification.vendor" value="Oracle Corporation"/>
    <property name="user.language" value="en"/>
    <property name="awt.toolkit" value="sun.lwawt.macosx.LWCToolkit"/>
    <property name="java.vm.info" value="mixed mode"/>
    <property name="java.version" value="1.7.0_80-ea"/>
    <property name="java.ext.dirs" value="/Users/saeidreza/Library/Java/Extensions:/Library/Java/JavaVirtualMachines/jdk1.7.0_80.jdk/Contents/Home/jre/lib/ext:/Library/Java/Extensions:/Network/Library/Java/Extensions:/System/Library/Java/Extensions:/usr/lib/java"/>
    <property name="sun.boot.class.path" value="/Library/Java/JavaVirtualMachines/jdk1.7.0_80.jdk/Contents/Home/jre/lib/resources.jar:/Library/Java/JavaVirtualMachines/jdk1.7.0_80.jdk/Contents/Home/jre/lib/rt.jar:/Library/Java/JavaVirtualMachines/jdk1.7.0_80.jdk/Contents/Home/jre/lib/sunrsasign.jar:/Library/Java/JavaVirtualMachines/jdk1.7.0_80.jdk/Contents/Home/jre/lib/jsse.jar:/Library/Java/JavaVirtualMachines/jdk1.7.0_80.jdk/Contents/Home/jre/lib/jce.jar:/Library/Java/JavaVirtualMachines/jdk1.7.0_80.jdk/Contents/Home/jre/lib/charsets.jar:/Library/Java/JavaVirtualMachines/jdk1.7.0_80.jdk/Contents/Home/jre/lib/jfr.jar:/Library/Java/JavaVirtualMachines/jdk1.7.0_80.jdk/Contents/Home/jre/classes"/>
    <property name="java.vendor" value="Oracle Corporation"/>
    <property name="maven.home" value="/app/apache-maven-3.2.5"/>
    <property name="file.separator" value="/"/>
    <property name="java.vendor.url.bug" value="http://bugreport.sun.com/bugreport/"/>
    <property name="sun.cpu.endian" value="little"/>
    <property name="sun.io.unicode.encoding" value="UnicodeBig"/>
    <property name="socksNonProxyHosts" value="local|*.local|169.254/16|*.169.254/16"/>
    <property name="ftp.nonProxyHosts" value="local|*.local|169.254/16|*.169.254/16"/>
    <property name="sun.cpu.isalist" value=""/>
  </properties>
  <testcase name="testHomePageHasAHeader on testHomePageHasAHeader(com.ubs.fatca.SampleJUnitTest)" classname="com.ubs.fatca.SampleJUnitTest" time="47.46">
    <failure message="Failed to connect to binary FirefoxBinary(/Applications/Firefox.app/Contents/MacOS/firefox-bin) on port 7055; process output follows: &#10;h changes to installed add-ons&#10;1427443978340	addons.xpi-utils	DEBUG	Updating add-on states&#10;1427443978340	addons.xpi-utils	DEBUG	Writing add-ons list&#10;1427443978344	addons.manager	DEBUG	Registering shutdown blocker for XPIProvider&#10;1427443978345	addons.manager	DEBUG	Registering shutdown blocker for LightweightThemeManager&#10;1427443978346	addons.manager	DEBUG	Registering shutdown blocker for OpenH264Provider&#10;1427443978347	addons.manager	DEBUG	Registering shutdown blocker for PluginProvider&#10;1427443978875	DeferredSave.extensions.json	DEBUG	Starting timer&#10;1427443978913	DeferredSave.extensions.json	DEBUG	Starting write&#10;1427443978922	addons.manager	DEBUG	shutdown&#10;1427443978923	addons.manager	DEBUG	Calling shutdown blocker for XPIProvider&#10;1427443978923	addons.xpi	DEBUG	shutdown&#10;1427443978923	addons.xpi-utils	DEBUG	shutdown&#10;1427443978924	addons.manager	DEBUG	Calling shutdown blocker for LightweightThemeManager&#10;1427443978924	addons.manager	DEBUG	Calling shutdown blocker for OpenH264Provider&#10;1427443978925	addons.manager	DEBUG	Calling shutdown blocker for PluginProvider&#10;1427443979285	DeferredSave.extensions.json	DEBUG	Write succeeded&#10;1427443979285	addons.xpi-utils	DEBUG	XPI Database saved, setting schema version preference to 16&#10;1427443979285	addons.xpi	DEBUG	Notifying XPI shutdown observers&#10;1427443979289	addons.manager	DEBUG	Async provider shutdown done&#10;1427443979801	addons.manager	DEBUG	Loaded provider scope for resource://gre/modules/addons/XPIProvider.jsm: [&quot;XPIProvider&quot;]&#10;1427443979804	addons.manager	DEBUG	Loaded provider scope for resource://gre/modules/LightweightThemeManager.jsm: [&quot;LightweightThemeManager&quot;]&#10;1427443979808	addons.xpi	DEBUG	startup&#10;1427443979808	addons.xpi	INFO	Mapping fxdriver@googlecode.com to /var/folders/h1/vfrgyvc529v_s4wrzxfl40780000gn/T/anonymous5062386763198450726webdriver-profile/extensions/fxdriver@googlecode.com&#10;1427443979809	addons.xpi	DEBUG	Ignoring file entry whose name is not a valid add-on ID: /var/folders/h1/vfrgyvc529v_s4wrzxfl40780000gn/T/anonymous5062386763198450726webdriver-profile/extensions/webdriver-staging&#10;1427443979809	addons.xpi	INFO	Mapping {972ce4c6-7e08-4474-a285-3208198ce6fd} to /Applications/Firefox.app/Contents/Resources/browser/extensions/{972ce4c6-7e08-4474-a285-3208198ce6fd}&#10;1427443979810	addons.xpi	DEBUG	Skipping unavailable install location app-system-share&#10;1427443979810	addons.xpi	DEBUG	checkForChanges&#10;1427443979811	addons.xpi	DEBUG	Loaded add-on state from prefs: {&quot;app-profile&quot;:{&quot;fxdriver@googlecode.com&quot;:{&quot;d&quot;:&quot;/var/folders/h1/vfrgyvc529v_s4wrzxfl40780000gn/T/anonymous5062386763198450726webdriver-profile/extensions/fxdriver@googlecode.com&quot;,&quot;e&quot;:false,&quot;v&quot;:&quot;2.41.0&quot;,&quot;st&quot;:1427443977000,&quot;mt&quot;:1427443977000}},&quot;app-global&quot;:{&quot;{972ce4c6-7e08-4474-a285-3208198ce6fd}&quot;:{&quot;d&quot;:&quot;/Applications/Firefox.app/Contents/Resources/browser/extensions/{972ce4c6-7e08-4474-a285-3208198ce6fd}&quot;,&quot;e&quot;:true,&quot;v&quot;:&quot;36.0.4&quot;,&quot;st&quot;:1426914971000,&quot;mt&quot;:1426912941000}}}&#10;1427443979812	addons.xpi	DEBUG	getModTime: Recursive scan of {972ce4c6-7e08-4474-a285-3208198ce6fd}&#10;1427443979813	addons.xpi	DEBUG	getInstallState changed: false, state: {&quot;app-profile&quot;:{&quot;fxdriver@googlecode.com&quot;:{&quot;d&quot;:&quot;/var/folders/h1/vfrgyvc529v_s4wrzxfl40780000gn/T/anonymous5062386763198450726webdriver-profile/extensions/fxdriver@googlecode.com&quot;,&quot;e&quot;:false,&quot;v&quot;:&quot;2.41.0&quot;,&quot;st&quot;:1427443977000,&quot;mt&quot;:1427443977000}},&quot;app-global&quot;:{&quot;{972ce4c6-7e08-4474-a285-3208198ce6fd}&quot;:{&quot;d&quot;:&quot;/Applications/Firefox.app/Contents/Resources/browser/extensions/{972ce4c6-7e08-4474-a285-3208198ce6fd}&quot;,&quot;e&quot;:true,&quot;v&quot;:&quot;36.0.4&quot;,&quot;st&quot;:1426914971000,&quot;mt&quot;:1426912941000}}}&#10;1427443979814	addons.xpi	DEBUG	No changes found&#10;1427443979818	addons.manager	DEBUG	Registering shutdown blocker for XPIProvider&#10;1427443979819	addons.manager	DEBUG	Registering shutdown blocker for LightweightThemeManager&#10;1427443979821	addons.manager	DEBUG	Registering shutdown blocker for OpenH264Provider&#10;1427443979821	addons.manager	DEBUG	Registering shutdown blocker for PluginProvider&#10;*** Blocklist::_preloadBlocklistFile: blocklist is disabled&#10;1427443980955	addons.manager	DEBUG	Registering shutdown blocker for &lt;unnamed-provider&gt;&#10;&#10;Build info: version: &apos;2.41.0&apos;, revision: &apos;3192d8a6c4449dc285928ba024779344f5423c58&apos;, time: &apos;2014-03-27 11:29:39&apos;&#10;System info: host: &apos;Saeidrezas-MacBook-Pro.local&apos;, ip: &apos;192.168.0.100&apos;, os.name: &apos;Mac OS X&apos;, os.arch: &apos;x86_64&apos;, os.version: &apos;10.10.1&apos;, java.version: &apos;1.7.0_80-ea&apos;&#10;Driver info: driver.version: FirefoxDriver" type="org.openqa.selenium.WebDriverException"><![CDATA[org.openqa.selenium.WebDriverException: Failed to connect to binary FirefoxBinary(/Applications/Firefox.app/Contents/MacOS/firefox-bin) on port 7055; process output follows: 
h changes to installed add-ons
1427443978340	addons.xpi-utils	DEBUG	Updating add-on states
1427443978340	addons.xpi-utils	DEBUG	Writing add-ons list
1427443978344	addons.manager	DEBUG	Registering shutdown blocker for XPIProvider
1427443978345	addons.manager	DEBUG	Registering shutdown blocker for LightweightThemeManager
1427443978346	addons.manager	DEBUG	Registering shutdown blocker for OpenH264Provider
1427443978347	addons.manager	DEBUG	Registering shutdown blocker for PluginProvider
1427443978875	DeferredSave.extensions.json	DEBUG	Starting timer
1427443978913	DeferredSave.extensions.json	DEBUG	Starting write
1427443978922	addons.manager	DEBUG	shutdown
1427443978923	addons.manager	DEBUG	Calling shutdown blocker for XPIProvider
1427443978923	addons.xpi	DEBUG	shutdown
1427443978923	addons.xpi-utils	DEBUG	shutdown
1427443978924	addons.manager	DEBUG	Calling shutdown blocker for LightweightThemeManager
1427443978924	addons.manager	DEBUG	Calling shutdown blocker for OpenH264Provider
1427443978925	addons.manager	DEBUG	Calling shutdown blocker for PluginProvider
1427443979285	DeferredSave.extensions.json	DEBUG	Write succeeded
1427443979285	addons.xpi-utils	DEBUG	XPI Database saved, setting schema version preference to 16
1427443979285	addons.xpi	DEBUG	Notifying XPI shutdown observers
1427443979289	addons.manager	DEBUG	Async provider shutdown done
1427443979801	addons.manager	DEBUG	Loaded provider scope for resource://gre/modules/addons/XPIProvider.jsm: ["XPIProvider"]
1427443979804	addons.manager	DEBUG	Loaded provider scope for resource://gre/modules/LightweightThemeManager.jsm: ["LightweightThemeManager"]
1427443979808	addons.xpi	DEBUG	startup
1427443979808	addons.xpi	INFO	Mapping fxdriver@googlecode.com to /var/folders/h1/vfrgyvc529v_s4wrzxfl40780000gn/T/anonymous5062386763198450726webdriver-profile/extensions/fxdriver@googlecode.com
1427443979809	addons.xpi	DEBUG	Ignoring file entry whose name is not a valid add-on ID: /var/folders/h1/vfrgyvc529v_s4wrzxfl40780000gn/T/anonymous5062386763198450726webdriver-profile/extensions/webdriver-staging
1427443979809	addons.xpi	INFO	Mapping {972ce4c6-7e08-4474-a285-3208198ce6fd} to /Applications/Firefox.app/Contents/Resources/browser/extensions/{972ce4c6-7e08-4474-a285-3208198ce6fd}
1427443979810	addons.xpi	DEBUG	Skipping unavailable install location app-system-share
1427443979810	addons.xpi	DEBUG	checkForChanges
1427443979811	addons.xpi	DEBUG	Loaded add-on state from prefs: {"app-profile":{"fxdriver@googlecode.com":{"d":"/var/folders/h1/vfrgyvc529v_s4wrzxfl40780000gn/T/anonymous5062386763198450726webdriver-profile/extensions/fxdriver@googlecode.com","e":false,"v":"2.41.0","st":1427443977000,"mt":1427443977000}},"app-global":{"{972ce4c6-7e08-4474-a285-3208198ce6fd}":{"d":"/Applications/Firefox.app/Contents/Resources/browser/extensions/{972ce4c6-7e08-4474-a285-3208198ce6fd}","e":true,"v":"36.0.4","st":1426914971000,"mt":1426912941000}}}
1427443979812	addons.xpi	DEBUG	getModTime: Recursive scan of {972ce4c6-7e08-4474-a285-3208198ce6fd}
1427443979813	addons.xpi	DEBUG	getInstallState changed: false, state: {"app-profile":{"fxdriver@googlecode.com":{"d":"/var/folders/h1/vfrgyvc529v_s4wrzxfl40780000gn/T/anonymous5062386763198450726webdriver-profile/extensions/fxdriver@googlecode.com","e":false,"v":"2.41.0","st":1427443977000,"mt":1427443977000}},"app-global":{"{972ce4c6-7e08-4474-a285-3208198ce6fd}":{"d":"/Applications/Firefox.app/Contents/Resources/browser/extensions/{972ce4c6-7e08-4474-a285-3208198ce6fd}","e":true,"v":"36.0.4","st":1426914971000,"mt":1426912941000}}}
1427443979814	addons.xpi	DEBUG	No changes found
1427443979818	addons.manager	DEBUG	Registering shutdown blocker for XPIProvider
1427443979819	addons.manager	DEBUG	Registering shutdown blocker for LightweightThemeManager
1427443979821	addons.manager	DEBUG	Registering shutdown blocker for OpenH264Provider
1427443979821	addons.manager	DEBUG	Registering shutdown blocker for PluginProvider
*** Blocklist::_preloadBlocklistFile: blocklist is disabled
1427443980955	addons.manager	DEBUG	Registering shutdown blocker for <unnamed-provider>

Build info: version: '2.41.0', revision: '3192d8a6c4449dc285928ba024779344f5423c58', time: '2014-03-27 11:29:39'
System info: host: 'Saeidrezas-MacBook-Pro.local', ip: '192.168.0.100', os.name: 'Mac OS X', os.arch: 'x86_64', os.version: '10.10.1', java.version: '1.7.0_80-ea'
Driver info: driver.version: FirefoxDriver
	at org.openqa.selenium.firefox.internal.NewProfileExtensionConnection.start(NewProfileExtensionConnection.java:130)
	at org.openqa.selenium.firefox.FirefoxDriver.startClient(FirefoxDriver.java:246)
	at org.openqa.selenium.remote.RemoteWebDriver.<init>(RemoteWebDriver.java:114)
	at org.openqa.selenium.firefox.FirefoxDriver.<init>(FirefoxDriver.java:191)
	at org.openqa.selenium.firefox.FirefoxDriver.<init>(FirefoxDriver.java:186)
	at org.openqa.selenium.firefox.FirefoxDriver.<init>(FirefoxDriver.java:103)
	at ru.stqa.selenium.factory.WebDriverFactoryInternal.createLocalDriver(WebDriverFactoryInternal.java:74)
	at ru.stqa.selenium.factory.WebDriverFactoryInternal.newDriver(WebDriverFactoryInternal.java:58)
	at ru.stqa.selenium.factory.SingletonStorage.createNewDriver(SingletonStorage.java:73)
	at ru.stqa.selenium.factory.SingletonStorage.getDriver(SingletonStorage.java:31)
	at ru.stqa.selenium.factory.WebDriverFactoryInternal.getDriver(WebDriverFactoryInternal.java:49)
	at ru.stqa.selenium.factory.WebDriverFactory.getDriver(WebDriverFactory.java:39)
	at com.ubs.fatca.JUnitTestBase$2.before(JUnitTestBase.java:39)
	at org.junit.rules.ExternalResource$1.evaluate(ExternalResource.java:46)
	at org.junit.rules.RunRules.evaluate(RunRules.java:20)
	at org.junit.runners.ParentRunner.runLeaf(ParentRunner.java:271)
	at org.junit.runners.BlockJUnit4ClassRunner.runChild(BlockJUnit4ClassRunner.java:70)
	at org.junit.runners.BlockJUnit4ClassRunner.runChild(BlockJUnit4ClassRunner.java:50)
	at org.junit.runners.ParentRunner$3.run(ParentRunner.java:238)
	at org.junit.runners.ParentRunner$1.schedule(ParentRunner.java:63)
	at org.junit.runners.ParentRunner.runChildren(ParentRunner.java:236)
	at org.junit.runners.ParentRunner.access$000(ParentRunner.java:53)
	at org.junit.runners.ParentRunner$2.evaluate(ParentRunner.java:229)
	at org.junit.rules.ExternalResource$1.evaluate(ExternalResource.java:48)
	at org.junit.rules.RunRules.evaluate(RunRules.java:20)
	at org.junit.runners.ParentRunner.run(ParentRunner.java:309)
	at org.junit.runners.Suite.runChild(Suite.java:127)
	at org.junit.runners.Suite.runChild(Suite.java:26)
	at org.junit.runners.ParentRunner$3.run(ParentRunner.java:238)
	at org.junit.runners.ParentRunner$1.schedule(ParentRunner.java:63)
	at org.junit.runners.ParentRunner.runChildren(ParentRunner.java:236)
	at org.junit.runners.ParentRunner.access$000(ParentRunner.java:53)
	at org.junit.runners.ParentRunner$2.evaluate(ParentRunner.java:229)
	at org.junit.runners.ParentRunner.run(ParentRunner.java:309)
	at org.junit.runner.JUnitCore.run(JUnitCore.java:160)
	at org.junit.runner.JUnitCore.run(JUnitCore.java:138)
	at org.testng.junit.JUnit4TestRunner.start(JUnit4TestRunner.java:81)
	at org.testng.junit.JUnit4TestRunner.run(JUnit4TestRunner.java:69)
	at org.testng.TestRunner$1.run(TestRunner.java:682)
	at org.testng.TestRunner.runWorkers(TestRunner.java:1005)
	at org.testng.TestRunner.privateRunJUnit(TestRunner.java:713)
	at org.testng.TestRunner.run(TestRunner.java:614)
	at org.testng.SuiteRunner.runTest(SuiteRunner.java:334)
	at org.testng.SuiteRunner.runSequentially(SuiteRunner.java:329)
	at org.testng.SuiteRunner.privateRun(SuiteRunner.java:291)
	at org.testng.SuiteRunner.run(SuiteRunner.java:240)
	at org.testng.SuiteRunnerWorker.runSuite(SuiteRunnerWorker.java:52)
	at org.testng.SuiteRunnerWorker.run(SuiteRunnerWorker.java:86)
	at org.testng.TestNG.runSuitesSequentially(TestNG.java:1224)
	at org.testng.TestNG.runSuitesLocally(TestNG.java:1149)
	at org.testng.TestNG.run(TestNG.java:1057)
	at org.apache.maven.surefire.testng.TestNGExecutor.run(TestNGExecutor.java:115)
	at org.apache.maven.surefire.testng.TestNGDirectoryTestSuite.executeSingleClass(TestNGDirectoryTestSuite.java:128)
	at org.apache.maven.surefire.testng.TestNGDirectoryTestSuite.execute(TestNGDirectoryTestSuite.java:112)
	at org.apache.maven.surefire.testng.TestNGProvider.invoke(TestNGProvider.java:112)
	at org.apache.maven.surefire.booter.ForkedBooter.invokeProviderInSameClassLoader(ForkedBooter.java:200)
	at org.apache.maven.surefire.booter.ForkedBooter.runSuitesInProcess(ForkedBooter.java:153)
	at org.apache.maven.surefire.booter.ForkedBooter.main(ForkedBooter.java:103)
Caused by: org.openqa.selenium.firefox.NotConnectedException: Unable to connect to host 127.0.0.1 on port 7055 after 45000 ms. Firefox console output:
h changes to installed add-ons
1427443978340	addons.xpi-utils	DEBUG	Updating add-on states
1427443978340	addons.xpi-utils	DEBUG	Writing add-ons list
1427443978344	addons.manager	DEBUG	Registering shutdown blocker for XPIProvider
1427443978345	addons.manager	DEBUG	Registering shutdown blocker for LightweightThemeManager
1427443978346	addons.manager	DEBUG	Registering shutdown blocker for OpenH264Provider
1427443978347	addons.manager	DEBUG	Registering shutdown blocker for PluginProvider
1427443978875	DeferredSave.extensions.json	DEBUG	Starting timer
1427443978913	DeferredSave.extensions.json	DEBUG	Starting write
1427443978922	addons.manager	DEBUG	shutdown
1427443978923	addons.manager	DEBUG	Calling shutdown blocker for XPIProvider
1427443978923	addons.xpi	DEBUG	shutdown
1427443978923	addons.xpi-utils	DEBUG	shutdown
1427443978924	addons.manager	DEBUG	Calling shutdown blocker for LightweightThemeManager
1427443978924	addons.manager	DEBUG	Calling shutdown blocker for OpenH264Provider
1427443978925	addons.manager	DEBUG	Calling shutdown blocker for PluginProvider
1427443979285	DeferredSave.extensions.json	DEBUG	Write succeeded
1427443979285	addons.xpi-utils	DEBUG	XPI Database saved, setting schema version preference to 16
1427443979285	addons.xpi	DEBUG	Notifying XPI shutdown observers
1427443979289	addons.manager	DEBUG	Async provider shutdown done
1427443979801	addons.manager	DEBUG	Loaded provider scope for resource://gre/modules/addons/XPIProvider.jsm: ["XPIProvider"]
1427443979804	addons.manager	DEBUG	Loaded provider scope for resource://gre/modules/LightweightThemeManager.jsm: ["LightweightThemeManager"]
1427443979808	addons.xpi	DEBUG	startup
1427443979808	addons.xpi	INFO	Mapping fxdriver@googlecode.com to /var/folders/h1/vfrgyvc529v_s4wrzxfl40780000gn/T/anonymous5062386763198450726webdriver-profile/extensions/fxdriver@googlecode.com
1427443979809	addons.xpi	DEBUG	Ignoring file entry whose name is not a valid add-on ID: /var/folders/h1/vfrgyvc529v_s4wrzxfl40780000gn/T/anonymous5062386763198450726webdriver-profile/extensions/webdriver-staging
1427443979809	addons.xpi	INFO	Mapping {972ce4c6-7e08-4474-a285-3208198ce6fd} to /Applications/Firefox.app/Contents/Resources/browser/extensions/{972ce4c6-7e08-4474-a285-3208198ce6fd}
1427443979810	addons.xpi	DEBUG	Skipping unavailable install location app-system-share
1427443979810	addons.xpi	DEBUG	checkForChanges
1427443979811	addons.xpi	DEBUG	Loaded add-on state from prefs: {"app-profile":{"fxdriver@googlecode.com":{"d":"/var/folders/h1/vfrgyvc529v_s4wrzxfl40780000gn/T/anonymous5062386763198450726webdriver-profile/extensions/fxdriver@googlecode.com","e":false,"v":"2.41.0","st":1427443977000,"mt":1427443977000}},"app-global":{"{972ce4c6-7e08-4474-a285-3208198ce6fd}":{"d":"/Applications/Firefox.app/Contents/Resources/browser/extensions/{972ce4c6-7e08-4474-a285-3208198ce6fd}","e":true,"v":"36.0.4","st":1426914971000,"mt":1426912941000}}}
1427443979812	addons.xpi	DEBUG	getModTime: Recursive scan of {972ce4c6-7e08-4474-a285-3208198ce6fd}
1427443979813	addons.xpi	DEBUG	getInstallState changed: false, state: {"app-profile":{"fxdriver@googlecode.com":{"d":"/var/folders/h1/vfrgyvc529v_s4wrzxfl40780000gn/T/anonymous5062386763198450726webdriver-profile/extensions/fxdriver@googlecode.com","e":false,"v":"2.41.0","st":1427443977000,"mt":1427443977000}},"app-global":{"{972ce4c6-7e08-4474-a285-3208198ce6fd}":{"d":"/Applications/Firefox.app/Contents/Resources/browser/extensions/{972ce4c6-7e08-4474-a285-3208198ce6fd}","e":true,"v":"36.0.4","st":1426914971000,"mt":1426912941000}}}
1427443979814	addons.xpi	DEBUG	No changes found
1427443979818	addons.manager	DEBUG	Registering shutdown blocker for XPIProvider
1427443979819	addons.manager	DEBUG	Registering shutdown blocker for LightweightThemeManager
1427443979821	addons.manager	DEBUG	Registering shutdown blocker for OpenH264Provider
1427443979821	addons.manager	DEBUG	Registering shutdown blocker for PluginProvider
*** Blocklist::_preloadBlocklistFile: blocklist is disabled
1427443980955	addons.manager	DEBUG	Registering shutdown blocker for <unnamed-provider>

	at org.openqa.selenium.firefox.internal.NewProfileExtensionConnection.start(NewProfileExtensionConnection.java:118)
	at org.openqa.selenium.firefox.FirefoxDriver.startClient(FirefoxDriver.java:246)
	at org.openqa.selenium.remote.RemoteWebDriver.<init>(RemoteWebDriver.java:114)
	at org.openqa.selenium.firefox.FirefoxDriver.<init>(FirefoxDriver.java:191)
	at org.openqa.selenium.firefox.FirefoxDriver.<init>(FirefoxDriver.java:186)
	at org.openqa.selenium.firefox.FirefoxDriver.<init>(FirefoxDriver.java:103)
	at ru.stqa.selenium.factory.WebDriverFactoryInternal.createLocalDriver(WebDriverFactoryInternal.java:74)
	at ru.stqa.selenium.factory.WebDriverFactoryInternal.newDriver(WebDriverFactoryInternal.java:58)
	at ru.stqa.selenium.factory.SingletonStorage.createNewDriver(SingletonStorage.java:73)
	at ru.stqa.selenium.factory.SingletonStorage.getDriver(SingletonStorage.java:31)
	at ru.stqa.selenium.factory.WebDriverFactoryInternal.getDriver(WebDriverFactoryInternal.java:49)
	at ru.stqa.selenium.factory.WebDriverFactory.getDriver(WebDriverFactory.java:39)
	at com.ubs.fatca.JUnitTestBase$2.before(JUnitTestBase.java:39)
	at org.junit.rules.ExternalResource$1.evaluate(ExternalResource.java:46)
	at org.junit.rules.RunRules.evaluate(RunRules.java:20)
	at org.junit.runners.ParentRunner.runLeaf(ParentRunner.java:271)
	at org.junit.runners.BlockJUnit4ClassRunner.runChild(BlockJUnit4ClassRunner.java:70)
	at org.junit.runners.BlockJUnit4ClassRunner.runChild(BlockJUnit4ClassRunner.java:50)
	at org.junit.runners.ParentRunner$3.run(ParentRunner.java:238)
	at org.junit.runners.ParentRunner$1.schedule(ParentRunner.java:63)
	at org.junit.runners.ParentRunner.runChildren(ParentRunner.java:236)
	at org.junit.runners.ParentRunner.access$000(ParentRunner.java:53)
	at org.junit.runners.ParentRunner$2.evaluate(ParentRunner.java:229)
	at org.junit.rules.ExternalResource$1.evaluate(ExternalResource.java:48)
	at org.junit.rules.RunRules.evaluate(RunRules.java:20)
	at org.junit.runners.ParentRunner.run(ParentRunner.java:309)
	at org.junit.runners.Suite.runChild(Suite.java:127)
	at org.junit.runners.Suite.runChild(Suite.java:26)
	at org.junit.runners.ParentRunner$3.run(ParentRunner.java:238)
	at org.junit.runners.ParentRunner$1.schedule(ParentRunner.java:63)
	at org.junit.runners.ParentRunner.runChildren(ParentRunner.java:236)
	at org.junit.runners.ParentRunner.access$000(ParentRunner.java:53)
	at org.junit.runners.ParentRunner$2.evaluate(ParentRunner.java:229)
	at org.junit.runners.ParentRunner.run(ParentRunner.java:309)
	at org.junit.runner.JUnitCore.run(JUnitCore.java:160)
	at org.junit.runner.JUnitCore.run(JUnitCore.java:138)
	at org.testng.junit.JUnit4TestRunner.start(JUnit4TestRunner.java:81)
	at org.testng.junit.JUnit4TestRunner.run(JUnit4TestRunner.java:69)
	at org.testng.TestRunner$1.run(TestRunner.java:682)
	at org.testng.TestRunner.runWorkers(TestRunner.java:1005)
	at org.testng.TestRunner.privateRunJUnit(TestRunner.java:713)
	at org.testng.TestRunner.run(TestRunner.java:614)
	at org.testng.SuiteRunner.runTest(SuiteRunner.java:334)
	at org.testng.SuiteRunner.runSequentially(SuiteRunner.java:329)
	at org.testng.SuiteRunner.privateRun(SuiteRunner.java:291)
	at org.testng.SuiteRunner.run(SuiteRunner.java:240)
	at org.testng.SuiteRunnerWorker.runSuite(SuiteRunnerWorker.java:52)
	at org.testng.SuiteRunnerWorker.run(SuiteRunnerWorker.java:86)
	at org.testng.TestNG.runSuitesSequentially(TestNG.java:1224)
	at org.testng.TestNG.runSuitesLocally(TestNG.java:1149)
	at org.testng.TestNG.run(TestNG.java:1057)
	at org.apache.maven.surefire.testng.TestNGExecutor.run(TestNGExecutor.java:115)
	at org.apache.maven.surefire.testng.TestNGDirectoryTestSuite.executeSingleClass(TestNGDirectoryTestSuite.java:128)
	at org.apache.maven.surefire.testng.TestNGDirectoryTestSuite.execute(TestNGDirectoryTestSuite.java:112)
	at org.apache.maven.surefire.testng.TestNGProvider.invoke(TestNGProvider.java:112)
	at org.apache.maven.surefire.booter.ForkedBooter.invokeProviderInSameClassLoader(ForkedBooter.java:200)
	at org.apache.maven.surefire.booter.ForkedBooter.runSuitesInProcess(ForkedBooter.java:153)
	at org.apache.maven.surefire.booter.ForkedBooter.main(ForkedBooter.java:103)
]]></failure>
    <system-out><![CDATA[Configuring TestNG with: TestNG652Configurator
]]></system-out>
    <system-err><![CDATA[org.openqa.selenium.firefox.NotConnectedException: Unable to connect to host 127.0.0.1 on port 7055 after 45000 ms. Firefox console output:
h changes to installed add-ons
1427443978340	addons.xpi-utils	DEBUG	Updating add-on states
1427443978340	addons.xpi-utils	DEBUG	Writing add-ons list
1427443978344	addons.manager	DEBUG	Registering shutdown blocker for XPIProvider
1427443978345	addons.manager	DEBUG	Registering shutdown blocker for LightweightThemeManager
1427443978346	addons.manager	DEBUG	Registering shutdown blocker for OpenH264Provider
1427443978347	addons.manager	DEBUG	Registering shutdown blocker for PluginProvider
1427443978875	DeferredSave.extensions.json	DEBUG	Starting timer
1427443978913	DeferredSave.extensions.json	DEBUG	Starting write
1427443978922	addons.manager	DEBUG	shutdown
1427443978923	addons.manager	DEBUG	Calling shutdown blocker for XPIProvider
1427443978923	addons.xpi	DEBUG	shutdown
1427443978923	addons.xpi-utils	DEBUG	shutdown
1427443978924	addons.manager	DEBUG	Calling shutdown blocker for LightweightThemeManager
1427443978924	addons.manager	DEBUG	Calling shutdown blocker for OpenH264Provider
1427443978925	addons.manager	DEBUG	Calling shutdown blocker for PluginProvider
1427443979285	DeferredSave.extensions.json	DEBUG	Write succeeded
1427443979285	addons.xpi-utils	DEBUG	XPI Database saved, setting schema version preference to 16
1427443979285	addons.xpi	DEBUG	Notifying XPI shutdown observers
1427443979289	addons.manager	DEBUG	Async provider shutdown done
1427443979801	addons.manager	DEBUG	Loaded provider scope for resource://gre/modules/addons/XPIProvider.jsm: ["XPIProvider"]
1427443979804	addons.manager	DEBUG	Loaded provider scope for resource://gre/modules/LightweightThemeManager.jsm: ["LightweightThemeManager"]
1427443979808	addons.xpi	DEBUG	startup
1427443979808	addons.xpi	INFO	Mapping fxdriver@googlecode.com to /var/folders/h1/vfrgyvc529v_s4wrzxfl40780000gn/T/anonymous5062386763198450726webdriver-profile/extensions/fxdriver@googlecode.com
1427443979809	addons.xpi	DEBUG	Ignoring file entry whose name is not a valid add-on ID: /var/folders/h1/vfrgyvc529v_s4wrzxfl40780000gn/T/anonymous5062386763198450726webdriver-profile/extensions/webdriver-staging
1427443979809	addons.xpi	INFO	Mapping {972ce4c6-7e08-4474-a285-3208198ce6fd} to /Applications/Firefox.app/Contents/Resources/browser/extensions/{972ce4c6-7e08-4474-a285-3208198ce6fd}
1427443979810	addons.xpi	DEBUG	Skipping unavailable install location app-system-share
1427443979810	addons.xpi	DEBUG	checkForChanges
1427443979811	addons.xpi	DEBUG	Loaded add-on state from prefs: {"app-profile":{"fxdriver@googlecode.com":{"d":"/var/folders/h1/vfrgyvc529v_s4wrzxfl40780000gn/T/anonymous5062386763198450726webdriver-profile/extensions/fxdriver@googlecode.com","e":false,"v":"2.41.0","st":1427443977000,"mt":1427443977000}},"app-global":{"{972ce4c6-7e08-4474-a285-3208198ce6fd}":{"d":"/Applications/Firefox.app/Contents/Resources/browser/extensions/{972ce4c6-7e08-4474-a285-3208198ce6fd}","e":true,"v":"36.0.4","st":1426914971000,"mt":1426912941000}}}
1427443979812	addons.xpi	DEBUG	getModTime: Recursive scan of {972ce4c6-7e08-4474-a285-3208198ce6fd}
1427443979813	addons.xpi	DEBUG	getInstallState changed: false, state: {"app-profile":{"fxdriver@googlecode.com":{"d":"/var/folders/h1/vfrgyvc529v_s4wrzxfl40780000gn/T/anonymous5062386763198450726webdriver-profile/extensions/fxdriver@googlecode.com","e":false,"v":"2.41.0","st":1427443977000,"mt":1427443977000}},"app-global":{"{972ce4c6-7e08-4474-a285-3208198ce6fd}":{"d":"/Applications/Firefox.app/Contents/Resources/browser/extensions/{972ce4c6-7e08-4474-a285-3208198ce6fd}","e":true,"v":"36.0.4","st":1426914971000,"mt":1426912941000}}}
1427443979814	addons.xpi	DEBUG	No changes found
1427443979818	addons.manager	DEBUG	Registering shutdown blocker for XPIProvider
1427443979819	addons.manager	DEBUG	Registering shutdown blocker for LightweightThemeManager
1427443979821	addons.manager	DEBUG	Registering shutdown blocker for OpenH264Provider
1427443979821	addons.manager	DEBUG	Registering shutdown blocker for PluginProvider
*** Blocklist::_preloadBlocklistFile: blocklist is disabled
1427443980955	addons.manager	DEBUG	Registering shutdown blocker for <unnamed-provider>

	at org.openqa.selenium.firefox.internal.NewProfileExtensionConnection.start(NewProfileExtensionConnection.java:118)
	at org.openqa.selenium.firefox.FirefoxDriver.startClient(FirefoxDriver.java:246)
	at org.openqa.selenium.remote.RemoteWebDriver.<init>(RemoteWebDriver.java:114)
	at org.openqa.selenium.firefox.FirefoxDriver.<init>(FirefoxDriver.java:191)
	at org.openqa.selenium.firefox.FirefoxDriver.<init>(FirefoxDriver.java:186)
	at org.openqa.selenium.firefox.FirefoxDriver.<init>(FirefoxDriver.java:103)
	at ru.stqa.selenium.factory.WebDriverFactoryInternal.createLocalDriver(WebDriverFactoryInternal.java:74)
	at ru.stqa.selenium.factory.WebDriverFactoryInternal.newDriver(WebDriverFactoryInternal.java:58)
	at ru.stqa.selenium.factory.SingletonStorage.createNewDriver(SingletonStorage.java:73)
	at ru.stqa.selenium.factory.SingletonStorage.getDriver(SingletonStorage.java:31)
	at ru.stqa.selenium.factory.WebDriverFactoryInternal.getDriver(WebDriverFactoryInternal.java:49)
	at ru.stqa.selenium.factory.WebDriverFactory.getDriver(WebDriverFactory.java:39)
	at com.ubs.fatca.JUnitTestBase$2.before(JUnitTestBase.java:39)
	at org.junit.rules.ExternalResource$1.evaluate(ExternalResource.java:46)
	at org.junit.rules.RunRules.evaluate(RunRules.java:20)
	at org.junit.runners.ParentRunner.runLeaf(ParentRunner.java:271)
	at org.junit.runners.BlockJUnit4ClassRunner.runChild(BlockJUnit4ClassRunner.java:70)
	at org.junit.runners.BlockJUnit4ClassRunner.runChild(BlockJUnit4ClassRunner.java:50)
	at org.junit.runners.ParentRunner$3.run(ParentRunner.java:238)
	at org.junit.runners.ParentRunner$1.schedule(ParentRunner.java:63)
	at org.junit.runners.ParentRunner.runChildren(ParentRunner.java:236)
	at org.junit.runners.ParentRunner.access$000(ParentRunner.java:53)
	at org.junit.runners.ParentRunner$2.evaluate(ParentRunner.java:229)
	at org.junit.rules.ExternalResource$1.evaluate(ExternalResource.java:48)
	at org.junit.rules.RunRules.evaluate(RunRules.java:20)
	at org.junit.runners.ParentRunner.run(ParentRunner.java:309)
	at org.junit.runners.Suite.runChild(Suite.java:127)
	at org.junit.runners.Suite.runChild(Suite.java:26)
	at org.junit.runners.ParentRunner$3.run(ParentRunner.java:238)
	at org.junit.runners.ParentRunner$1.schedule(ParentRunner.java:63)
	at org.junit.runners.ParentRunner.runChildren(ParentRunner.java:236)
	at org.junit.runners.ParentRunner.access$000(ParentRunner.java:53)
	at org.junit.runners.ParentRunner$2.evaluate(ParentRunner.java:229)
	at org.junit.runners.ParentRunner.run(ParentRunner.java:309)
	at org.junit.runner.JUnitCore.run(JUnitCore.java:160)
	at org.junit.runner.JUnitCore.run(JUnitCore.java:138)
	at org.testng.junit.JUnit4TestRunner.start(JUnit4TestRunner.java:81)
	at org.testng.junit.JUnit4TestRunner.run(JUnit4TestRunner.java:69)
	at org.testng.TestRunner$1.run(TestRunner.java:682)
	at org.testng.TestRunner.runWorkers(TestRunner.java:1005)
	at org.testng.TestRunner.privateRunJUnit(TestRunner.java:713)
	at org.testng.TestRunner.run(TestRunner.java:614)
	at org.testng.SuiteRunner.runTest(SuiteRunner.java:334)
	at org.testng.SuiteRunner.runSequentially(SuiteRunner.java:329)
	at org.testng.SuiteRunner.privateRun(SuiteRunner.java:291)
	at org.testng.SuiteRunner.run(SuiteRunner.java:240)
	at org.testng.SuiteRunnerWorker.runSuite(SuiteRunnerWorker.java:52)
	at org.testng.SuiteRunnerWorker.run(SuiteRunnerWorker.java:86)
	at org.testng.TestNG.runSuitesSequentially(TestNG.java:1224)
	at org.testng.TestNG.runSuitesLocally(TestNG.java:1149)
	at org.testng.TestNG.run(TestNG.java:1057)
	at org.apache.maven.surefire.testng.TestNGExecutor.run(TestNGExecutor.java:115)
	at org.apache.maven.surefire.testng.TestNGDirectoryTestSuite.executeSingleClass(TestNGDirectoryTestSuite.java:128)
	at org.apache.maven.surefire.testng.TestNGDirectoryTestSuite.execute(TestNGDirectoryTestSuite.java:112)
	at org.apache.maven.surefire.testng.TestNGProvider.invoke(TestNGProvider.java:112)
	at org.apache.maven.surefire.booter.ForkedBooter.invokeProviderInSameClassLoader(ForkedBooter.java:200)
	at org.apache.maven.surefire.booter.ForkedBooter.runSuitesInProcess(ForkedBooter.java:153)
	at org.apache.maven.surefire.booter.ForkedBooter.main(ForkedBooter.java:103)
]]></system-err>
  </testcase>
</testsuite>